<?xml version="1.0" encoding="UTF-8"?>
<!-- Generated by org.testng.reporters.JUnitReportReporter -->
<testsuite hostname="sudheer-PC" failures="0" tests="1" name="com.OHRMS.testcasescripts.HomePageTest" time="13.980" errors="0" timestamp="18 Apr 2018 10:37:33 GMT" skipped="0">
  <testcase classname="com.OHRMS.testcasescripts.HomePageTest" name="verifyHomePageTitleTest" time="13.980"/>
</testsuite> <!-- com.OHRMS.testcasescripts.HomePageTest -->
