<?xml version="1.0" encoding="UTF-8"?>
<!-- Generated by org.testng.reporters.JUnitReportReporter -->
<testsuite skipped="0" hostname="sudheer-PC" name="com.OHRMS.testcases.HomePageTest" tests="1" failures="0" timestamp="28 Nov 2017 14:50:10 GMT" time="11.110" errors="0">
  <testcase name="verifyHomePageTitleTest" time="11.110" classname="com.OHRMS.testcases.HomePageTest"/>
</testsuite> <!-- com.OHRMS.testcases.HomePageTest -->
