<?xml version="1.0" encoding="UTF-8"?>
<!-- Generated by org.testng.reporters.JUnitReportReporter -->
<testsuite skipped="0" hostname="sudheer-PC" name="com.OHRMS.testcases.EmployeeListPageTest" tests="2" failures="0" timestamp="28 Nov 2017 06:49:59 GMT" time="3.717" errors="0">
  <testcase name="clickonPIMmodule" time="2.950" classname="com.OHRMS.testcases.EmployeeListPageTest"/>
  <testcase name="clickonAddbuttonmodule" time="0.767" classname="com.OHRMS.testcases.EmployeeListPageTest"/>
</testsuite> <!-- com.OHRMS.testcases.EmployeeListPageTest -->
